{"/Users/sasukego/Documents/Firstlight/easify/src/logging/Dislog.ts": {"path":"/Users/sasukego/Documents/Firstlight/easify/src/logging/Dislog.ts","statementMap":{"0":{"start":{"line":1,"column":0},"end":{"line":1,"column":26}},"1":{"start":{"line":11,"column":8},"end":{"line":13,"column":9}},"2":{"start":{"line":12,"column":12},"end":{"line":12,"column":33}},"3":{"start":{"line":15,"column":8},"end":{"line":15,"column":52}},"4":{"start":{"line":16,"column":8},"end":{"line":16,"column":27}},"5":{"start":{"line":17,"column":8},"end":{"line":17,"column":29}},"6":{"start":{"line":22,"column":8},"end":{"line":24,"column":9}},"7":{"start":{"line":23,"column":12},"end":{"line":23,"column":33}},"8":{"start":{"line":26,"column":8},"end":{"line":26,"column":76}},"9":{"start":{"line":31,"column":8},"end":{"line":31,"column":31}},"10":{"start":{"line":32,"column":8},"end":{"line":32,"column":29}},"11":{"start":{"line":36,"column":8},"end":{"line":42,"column":9}},"12":{"start":{"line":37,"column":12},"end":{"line":39,"column":null}},"13":{"start":{"line":41,"column":12},"end":{"line":41,"column":65}},"14":{"start":{"line":46,"column":8},"end":{"line":52,"column":9}},"15":{"start":{"line":47,"column":12},"end":{"line":49,"column":null}},"16":{"start":{"line":51,"column":12},"end":{"line":51,"column":67}},"17":{"start":{"line":5,"column":19},"end":{"line":5,"column":44}},"18":{"start":{"line":57,"column":0},"end":{"line":57,"column":22}}},"fnMap":{"0":{"name":"(anonymous_1)","decl":{"start":{"line":10,"column":4},"end":{"line":10,"column":10}},"loc":{"start":{"line":10,"column":53},"end":{"line":18,"column":5}}},"1":{"name":"(anonymous_2)","decl":{"start":{"line":21,"column":4},"end":{"line":21,"column":10}},"loc":{"start":{"line":21,"column":22},"end":{"line":27,"column":5}}},"2":{"name":"(anonymous_3)","decl":{"start":{"line":30,"column":4},"end":{"line":30,"column":24}},"loc":{"start":{"line":30,"column":55},"end":{"line":33,"column":5}}},"3":{"name":"(anonymous_4)","decl":{"start":{"line":35,"column":4},"end":{"line":35,"column":9}},"loc":{"start":{"line":35,"column":29},"end":{"line":43,"column":5}}},"4":{"name":"(anonymous_5)","decl":{"start":{"line":45,"column":4},"end":{"line":45,"column":9}},"loc":{"start":{"line":45,"column":32},"end":{"line":53,"column":5}}}},"branchMap":{"0":{"loc":{"start":{"line":11,"column":8},"end":{"line":13,"column":9}},"type":"if","locations":[{"start":{"line":11,"column":8},"end":{"line":13,"column":9}}]},"1":{"loc":{"start":{"line":22,"column":8},"end":{"line":24,"column":9}},"type":"if","locations":[{"start":{"line":22,"column":8},"end":{"line":24,"column":9}}]}},"s":{"0":2,"1":7,"2":1,"3":6,"4":6,"5":6,"6":1,"7":0,"8":1,"9":6,"10":6,"11":2,"12":2,"13":1,"14":2,"15":2,"16":1,"17":2,"18":2},"f":{"0":7,"1":1,"2":6,"3":2,"4":2},"b":{"0":[1],"1":[0]}}
,"/Users/sasukego/Documents/Firstlight/easify/src/logging/LogHelper.ts": {"path":"/Users/sasukego/Documents/Firstlight/easify/src/logging/LogHelper.ts","statementMap":{"0":{"start":{"line":1,"column":0},"end":{"line":1,"column":33}},"1":{"start":{"line":2,"column":0},"end":{"line":2,"column":30}},"2":{"start":{"line":27,"column":4},"end":{"line":30,"column":7}},"3":{"start":{"line":32,"column":4},"end":{"line":37,"column":5}},"4":{"start":{"line":33,"column":6},"end":{"line":36,"column":8}},"5":{"start":{"line":41,"column":4},"end":{"line":44,"column":5}},"6":{"start":{"line":42,"column":6},"end":{"line":42,"column":92}},"7":{"start":{"line":43,"column":6},"end":{"line":43,"column":32}},"8":{"start":{"line":46,"column":4},"end":{"line":46,"column":48}},"9":{"start":{"line":47,"column":4},"end":{"line":47,"column":28}},"10":{"start":{"line":48,"column":4},"end":{"line":48,"column":30}},"11":{"start":{"line":52,"column":4},"end":{"line":54,"column":5}},"12":{"start":{"line":53,"column":6},"end":{"line":53,"column":97}},"13":{"start":{"line":55,"column":4},"end":{"line":55,"column":30}},"14":{"start":{"line":59,"column":4},"end":{"line":59,"column":40}},"15":{"start":{"line":63,"column":4},"end":{"line":63,"column":39}},"16":{"start":{"line":67,"column":4},"end":{"line":67,"column":39}},"17":{"start":{"line":71,"column":4},"end":{"line":77,"column":5}},"18":{"start":{"line":72,"column":6},"end":{"line":72,"column":58}},"19":{"start":{"line":73,"column":6},"end":{"line":73,"column":79}},"20":{"start":{"line":75,"column":6},"end":{"line":75,"column":42}},"21":{"start":{"line":76,"column":6},"end":{"line":76,"column":46}},"22":{"start":{"line":20,"column":0},"end":{"line":20,"column":13}},"23":{"start":{"line":23,"column":17},"end":{"line":23,"column":32}}},"fnMap":{"0":{"name":"(anonymous_10)","decl":{"start":{"line":26,"column":2},"end":{"line":26,"column":22}},"loc":{"start":{"line":26,"column":47},"end":{"line":38,"column":3}}},"1":{"name":"(anonymous_11)","decl":{"start":{"line":40,"column":9},"end":{"line":40,"column":15}},"loc":{"start":{"line":40,"column":52},"end":{"line":49,"column":3}}},"2":{"name":"(anonymous_12)","decl":{"start":{"line":51,"column":9},"end":{"line":51,"column":15}},"loc":{"start":{"line":51,"column":27},"end":{"line":56,"column":3}}},"3":{"name":"(anonymous_13)","decl":{"start":{"line":58,"column":9},"end":{"line":58,"column":14}},"loc":{"start":{"line":58,"column":46},"end":{"line":60,"column":3}}},"4":{"name":"(anonymous_14)","decl":{"start":{"line":62,"column":9},"end":{"line":62,"column":13}},"loc":{"start":{"line":62,"column":45},"end":{"line":64,"column":3}}},"5":{"name":"(anonymous_15)","decl":{"start":{"line":66,"column":9},"end":{"line":66,"column":13}},"loc":{"start":{"line":66,"column":45},"end":{"line":68,"column":3}}},"6":{"name":"(anonymous_16)","decl":{"start":{"line":70,"column":9},"end":{"line":70,"column":14}},"loc":{"start":{"line":70,"column":61},"end":{"line":78,"column":3}}}},"branchMap":{"0":{"loc":{"start":{"line":32,"column":4},"end":{"line":37,"column":5}},"type":"if","locations":[{"start":{"line":32,"column":4},"end":{"line":37,"column":5}}]},"1":{"loc":{"start":{"line":41,"column":4},"end":{"line":44,"column":5}},"type":"if","locations":[{"start":{"line":41,"column":4},"end":{"line":44,"column":5}}]},"2":{"loc":{"start":{"line":52,"column":4},"end":{"line":54,"column":5}},"type":"if","locations":[{"start":{"line":52,"column":4},"end":{"line":54,"column":5}}]},"3":{"loc":{"start":{"line":71,"column":4},"end":{"line":77,"column":5}},"type":"if","locations":[{"start":{"line":71,"column":4},"end":{"line":77,"column":5}},{"start":{"line":74,"column":11},"end":{"line":77,"column":5}}]},"4":{"loc":{"start":{"line":73,"column":6},"end":{"line":73,"column":78}},"type":"cond-expr","locations":[{"start":{"line":73,"column":17},"end":{"line":73,"column":19}},{"start":{"line":73,"column":17},"end":{"line":73,"column":78}}]},"5":{"loc":{"start":{"line":73,"column":6},"end":{"line":73,"column":19}},"type":"binary-expr","locations":[{"start":{"line":73,"column":6},"end":{"line":73,"column":19}},{"start":{"line":73,"column":17},"end":{"line":73,"column":19}}]},"6":{"loc":{"start":{"line":73,"column":47},"end":{"line":73,"column":75}},"type":"binary-expr","locations":[{"start":{"line":73,"column":47},"end":{"line":73,"column":58}},{"start":{"line":73,"column":62},"end":{"line":73,"column":75}}]},"7":{"loc":{"start":{"line":76,"column":6},"end":{"line":76,"column":45}},"type":"cond-expr","locations":[{"start":{"line":76,"column":17},"end":{"line":76,"column":19}},{"start":{"line":76,"column":17},"end":{"line":76,"column":45}}]},"8":{"loc":{"start":{"line":76,"column":6},"end":{"line":76,"column":19}},"type":"binary-expr","locations":[{"start":{"line":76,"column":6},"end":{"line":76,"column":19}},{"start":{"line":76,"column":17},"end":{"line":76,"column":19}}]}},"s":{"0":1,"1":1,"2":6,"3":6,"4":0,"5":8,"6":2,"7":2,"8":6,"9":6,"10":6,"11":1,"12":1,"13":0,"14":1,"15":2,"16":1,"17":2,"18":1,"19":1,"20":1,"21":1,"22":1,"23":1},"f":{"0":6,"1":8,"2":1,"3":1,"4":2,"5":1,"6":2},"b":{"0":[0],"1":[2],"2":[1],"3":[1,1],"4":[1,0],"5":[1,1],"6":[0,0],"7":[1,0],"8":[1,1]}}
,"/Users/sasukego/Documents/Firstlight/easify/src/logging/index.ts": {"path":"/Users/sasukego/Documents/Firstlight/easify/src/logging/index.ts","statementMap":{"0":{"start":{"line":1,"column":0},"end":{"line":1,"column":28}}},"fnMap":{},"branchMap":{},"s":{"0":1},"f":{},"b":{}}
}
