TN:
SF:src/logging/Dislog.ts
FN:10,(anonymous_1)
FN:21,(anonymous_2)
FN:30,(anonymous_3)
FN:35,(anonymous_4)
FN:45,(anonymous_5)
FNF:5
FNH:5
FNDA:7,(anonymous_1)
FNDA:1,(anonymous_2)
FNDA:6,(anonymous_3)
FNDA:2,(anonymous_4)
FNDA:2,(anonymous_5)
DA:1,2
DA:5,2
DA:11,7
DA:12,1
DA:15,6
DA:16,6
DA:17,6
DA:22,1
DA:23,0
DA:26,1
DA:31,6
DA:32,6
DA:36,2
DA:37,2
DA:41,1
DA:46,2
DA:47,2
DA:51,1
DA:57,2
LF:19
LH:18
BRDA:11,0,0,1
BRDA:22,1,0,0
BRF:2
BRH:1
end_of_record
TN:
SF:src/logging/LogHelper.ts
FN:26,(anonymous_10)
FN:40,(anonymous_11)
FN:51,(anonymous_12)
FN:58,(anonymous_13)
FN:62,(anonymous_14)
FN:66,(anonymous_15)
FN:70,(anonymous_16)
FNF:7
FNH:7
FNDA:6,(anonymous_10)
FNDA:8,(anonymous_11)
FNDA:1,(anonymous_12)
FNDA:1,(anonymous_13)
FNDA:2,(anonymous_14)
FNDA:1,(anonymous_15)
FNDA:2,(anonymous_16)
DA:1,1
DA:2,1
DA:20,1
DA:23,1
DA:27,6
DA:32,6
DA:33,0
DA:41,8
DA:42,2
DA:43,2
DA:46,6
DA:47,6
DA:48,6
DA:52,1
DA:53,1
DA:55,0
DA:59,1
DA:63,2
DA:67,1
DA:71,2
DA:72,1
DA:73,1
DA:75,1
DA:76,1
LF:24
LH:22
BRDA:32,0,0,0
BRDA:41,1,0,2
BRDA:52,2,0,1
BRDA:71,3,0,1
BRDA:71,3,1,1
BRDA:73,4,0,1
BRDA:73,4,1,0
BRDA:73,5,0,1
BRDA:73,5,1,1
BRDA:73,6,0,0
BRDA:73,6,1,0
BRDA:76,7,0,1
BRDA:76,7,1,0
BRDA:76,8,0,1
BRDA:76,8,1,1
BRF:15
BRH:10
end_of_record
TN:
SF:src/logging/index.ts
FNF:0
FNH:0
DA:1,1
LF:1
LH:1
BRF:0
BRH:0
end_of_record
